********************************************************************************
*                     Sunday, January 08, 2017 6:09:16 PM                      *
********************************************************************************
CSharpCompilerWrapper.exe version: 2.0.0.0
Platform: Windows
Target assembly: Assembly-CSharp.dll
Project directory: F:\My documents\Škola\Faks\7. Semestar\Razvoj in upravljanje programskih sistemov\Projekt\RIUPS-RIT-Gradecak-Tkalcevic\RIUPS Stack
Unity 'Data' or 'Frameworks' directory: C:/Program Files/Unity/Editor/Data
Compiler: Microsoft C# 6.0

- Compilation -----------------------------------------------

Process: F:\My documents\Škola\Faks\7. Semestar\Razvoj in upravljanje programskih sistemov\Projekt\RIUPS-RIT-Gradecak-Tkalcevic\RIUPS Stack\CSharp60Support\Roslyn\csc.exe
Arguments: -nostdlib+ -noconfig -nologo -r:"C:/Program Files/Unity/Editor/Data\Mono/lib/mono/2.0/mscorlib.dll" -r:"C:/Program Files/Unity/Editor/Data\Mono/lib/mono/2.0/System.dll" -r:"C:/Program Files/Unity/Editor/Data\Mono/lib/mono/2.0/System.Core.dll" -r:"C:/Program Files/Unity/Editor/Data\Mono/lib/mono/2.0/System.Xml.dll" @Temp/UnityTempFile-448c4ae15281d7a4db94dcc023756555 
Exit code: 1
Elapsed time: 1.81 sec

- Compiler output (0 lines):

- Compiler errors (6 lines):
0: Assets\Scripts\Dosezki.cs(3,14): error CS0234: The type or namespace name 'Data' does not exist in the namespace 'System' (are you missing an assembly reference?)
1: Assets\Scripts\Nastavitve.cs(2,14): error CS0234: The type or namespace name 'Data' does not exist in the namespace 'System' (are you missing an assembly reference?)
2: Assets\Scripts\TopRezultat.cs(2,14): error CS0234: The type or namespace name 'Data' does not exist in the namespace 'System' (are you missing an assembly reference?)
3: Assets\Scripts\Uporabnik.cs(3,14): error CS0234: The type or namespace name 'Data' does not exist in the namespace 'System' (are you missing an assembly reference?)
4: Assets\Scripts\Uporabnik.cs(4,14): error CS0234: The type or namespace name 'Data' does not exist in the namespace 'System' (are you missing an assembly reference?)
5: Assets\Scripts\Uporabnik.cs(264,41): error CS0246: The type or namespace name 'SqlCommand' could not be found (are you missing a using directive or an assembly reference?)
********************************************************************************
*                     Sunday, January 08, 2017 6:13:23 PM                      *
********************************************************************************
CSharpCompilerWrapper.exe version: 2.0.0.0
Platform: Windows
Target assembly: Assembly-CSharp.dll
Project directory: F:\My documents\Škola\Faks\7. Semestar\Razvoj in upravljanje programskih sistemov\Projekt\RIUPS-RIT-Gradecak-Tkalcevic\RIUPS Stack
Unity 'Data' or 'Frameworks' directory: C:/Program Files/Unity/Editor/Data
Compiler: Microsoft C# 6.0

- Compilation -----------------------------------------------

Process: F:\My documents\Škola\Faks\7. Semestar\Razvoj in upravljanje programskih sistemov\Projekt\RIUPS-RIT-Gradecak-Tkalcevic\RIUPS Stack\CSharp60Support\Roslyn\csc.exe
Arguments: -nostdlib+ -noconfig -nologo -r:"C:/Program Files/Unity/Editor/Data\Mono/lib/mono/2.0/mscorlib.dll" -r:"C:/Program Files/Unity/Editor/Data\Mono/lib/mono/2.0/System.dll" -r:"C:/Program Files/Unity/Editor/Data\Mono/lib/mono/2.0/System.Core.dll" -r:"C:/Program Files/Unity/Editor/Data\Mono/lib/mono/2.0/System.Xml.dll" @Temp/UnityTempFile-60e2812350518f046af23769a662655b 
Exit code: 0
Elapsed time: 3.03 sec

- Compiler output (0 lines):

- Compiler errors (24 lines):
0: Assets\Scripts\TopRezultat.cs(68,38): warning CS0168: The variable 'tEx' is declared but never used
1: Assets\Scripts\TopRezultat.cs(73,31): warning CS0168: The variable 'ex' is declared but never used
2: Assets\Scripts\TopRezultat.cs(107,38): warning CS0168: The variable 'tEx' is declared but never used
3: Assets\Scripts\TopRezultat.cs(112,31): warning CS0168: The variable 'ex' is declared but never used
4: Assets\Scripts\Dosezki.cs(79,38): warning CS0168: The variable 'tEx' is declared but never used
5: Assets\Scripts\Dosezki.cs(84,31): warning CS0168: The variable 'ex' is declared but never used
6: Assets\Scripts\TopRezultat.cs(145,38): warning CS0168: The variable 'tEx' is declared but never used
7: Assets\Scripts\TopRezultat.cs(150,31): warning CS0168: The variable 'ex' is declared but never used
8: Assets\Scripts\TopRezultat.cs(186,38): warning CS0168: The variable 'tEx' is declared but never used
9: Assets\Scripts\TopRezultat.cs(191,31): warning CS0168: The variable 'ex' is declared but never used
10: Assets\Scripts\Dosezki.cs(119,38): warning CS0168: The variable 'tEx' is declared but never used
11: Assets\Scripts\Dosezki.cs(124,31): warning CS0168: The variable 'ex' is declared but never used
12: Assets\Scripts\Dosezki.cs(157,38): warning CS0168: The variable 'tEx' is declared but never used
13: Assets\Scripts\Dosezki.cs(162,31): warning CS0168: The variable 'ex' is declared but never used
14: Assets\Scripts\Uporabnik.cs(96,38): warning CS0168: The variable 'tEx' is declared but never used
15: Assets\Scripts\Uporabnik.cs(101,31): warning CS0168: The variable 'ex' is declared but never used
16: Assets\Scripts\Uporabnik.cs(144,38): warning CS0168: The variable 'tEx' is declared but never used
17: Assets\Scripts\Uporabnik.cs(149,31): warning CS0168: The variable 'ex' is declared but never used
18: Assets\Scripts\Uporabnik.cs(203,38): warning CS0168: The variable 'tEx' is declared but never used
19: Assets\Scripts\Uporabnik.cs(208,31): warning CS0168: The variable 'ex' is declared but never used
20: Assets\Scripts\Uporabnik.cs(241,38): warning CS0168: The variable 'tEx' is declared but never used
21: Assets\Scripts\Uporabnik.cs(246,31): warning CS0168: The variable 'ex' is declared but never used
22: Assets\Scripts\Uporabnik.cs(416,38): warning CS0168: The variable 'tEx' is declared but never used
23: Assets\Scripts\Uporabnik.cs(421,31): warning CS0168: The variable 'ex' is declared but never used

- PDB to MDB conversion --------------------------------------

Process: F:\My documents\Škola\Faks\7. Semestar\Razvoj in upravljanje programskih sistemov\Projekt\RIUPS-RIT-Gradecak-Tkalcevic\RIUPS Stack\CSharp60Support\Roslyn\pdb2mdb.exe
Arguments: Temp\Assembly-CSharp.dll
Exit code: 0
Elapsed time: 0.16 sec

- pdb2mdb.exe output (0 lines):
********************************************************************************
*                     Sunday, January 08, 2017 6:13:27 PM                      *
********************************************************************************
CSharpCompilerWrapper.exe version: 2.0.0.0
Platform: Windows
Target assembly: Assembly-CSharp-Editor.dll
Project directory: F:\My documents\Škola\Faks\7. Semestar\Razvoj in upravljanje programskih sistemov\Projekt\RIUPS-RIT-Gradecak-Tkalcevic\RIUPS Stack
Unity 'Data' or 'Frameworks' directory: C:/Program Files/Unity/Editor/Data
Compiler: Microsoft C# 6.0

- Compilation -----------------------------------------------

Process: F:\My documents\Škola\Faks\7. Semestar\Razvoj in upravljanje programskih sistemov\Projekt\RIUPS-RIT-Gradecak-Tkalcevic\RIUPS Stack\CSharp60Support\Roslyn\csc.exe
Arguments: -nostdlib+ -noconfig -nologo -r:"C:/Program Files/Unity/Editor/Data\Mono/lib/mono/2.0/mscorlib.dll" -r:"C:/Program Files/Unity/Editor/Data\Mono/lib/mono/2.0/System.dll" -r:"C:/Program Files/Unity/Editor/Data\Mono/lib/mono/2.0/System.Core.dll" -r:"C:/Program Files/Unity/Editor/Data\Mono/lib/mono/2.0/System.Xml.dll" @Temp/UnityTempFile-0f56d089ee89f8c4c8db4335e11a36de 
Exit code: 0
Elapsed time: 2.62 sec

- Compiler output (0 lines):

- Compiler errors (0 lines):

- PDB to MDB conversion --------------------------------------

Process: F:\My documents\Škola\Faks\7. Semestar\Razvoj in upravljanje programskih sistemov\Projekt\RIUPS-RIT-Gradecak-Tkalcevic\RIUPS Stack\CSharp60Support\Roslyn\pdb2mdb.exe
Arguments: Temp\Assembly-CSharp-Editor.dll
Exit code: 0
Elapsed time: 0.13 sec

- pdb2mdb.exe output (0 lines):
********************************************************************************
*                     Sunday, January 08, 2017 6:15:29 PM                      *
********************************************************************************
CSharpCompilerWrapper.exe version: 2.0.0.0
Platform: Windows
Target assembly: Assembly-CSharp.dll
Project directory: F:\My documents\Škola\Faks\7. Semestar\Razvoj in upravljanje programskih sistemov\Projekt\RIUPS-RIT-Gradecak-Tkalcevic\RIUPS Stack
Unity 'Data' or 'Frameworks' directory: C:/Program Files/Unity/Editor/Data
Compiler: Microsoft C# 6.0

- Compilation -----------------------------------------------

Process: F:\My documents\Škola\Faks\7. Semestar\Razvoj in upravljanje programskih sistemov\Projekt\RIUPS-RIT-Gradecak-Tkalcevic\RIUPS Stack\CSharp60Support\Roslyn\csc.exe
Arguments: -nostdlib+ -noconfig -nologo -r:"C:/Program Files/Unity/Editor/Data\Mono/lib/mono/2.0/mscorlib.dll" -r:"C:/Program Files/Unity/Editor/Data\Mono/lib/mono/2.0/System.dll" -r:"C:/Program Files/Unity/Editor/Data\Mono/lib/mono/2.0/System.Core.dll" -r:"C:/Program Files/Unity/Editor/Data\Mono/lib/mono/2.0/System.Xml.dll" @Temp/UnityTempFile-e74cacce19987c746bb3606e36c35ed3 
Exit code: 0
Elapsed time: 2.85 sec

- Compiler output (0 lines):

- Compiler errors (24 lines):
0: Assets\Scripts\streznik\TopRezultat.cs(68,38): warning CS0168: The variable 'tEx' is declared but never used
1: Assets\Scripts\streznik\TopRezultat.cs(73,31): warning CS0168: The variable 'ex' is declared but never used
2: Assets\Scripts\streznik\Dosezki.cs(79,38): warning CS0168: The variable 'tEx' is declared but never used
3: Assets\Scripts\streznik\Dosezki.cs(84,31): warning CS0168: The variable 'ex' is declared but never used
4: Assets\Scripts\streznik\TopRezultat.cs(107,38): warning CS0168: The variable 'tEx' is declared but never used
5: Assets\Scripts\streznik\TopRezultat.cs(112,31): warning CS0168: The variable 'ex' is declared but never used
6: Assets\Scripts\streznik\Uporabnik.cs(96,38): warning CS0168: The variable 'tEx' is declared but never used
7: Assets\Scripts\streznik\Uporabnik.cs(101,31): warning CS0168: The variable 'ex' is declared but never used
8: Assets\Scripts\streznik\Dosezki.cs(119,38): warning CS0168: The variable 'tEx' is declared but never used
9: Assets\Scripts\streznik\Dosezki.cs(124,31): warning CS0168: The variable 'ex' is declared but never used
10: Assets\Scripts\streznik\TopRezultat.cs(145,38): warning CS0168: The variable 'tEx' is declared but never used
11: Assets\Scripts\streznik\TopRezultat.cs(150,31): warning CS0168: The variable 'ex' is declared but never used
12: Assets\Scripts\streznik\Dosezki.cs(157,38): warning CS0168: The variable 'tEx' is declared but never used
13: Assets\Scripts\streznik\Dosezki.cs(162,31): warning CS0168: The variable 'ex' is declared but never used
14: Assets\Scripts\streznik\TopRezultat.cs(186,38): warning CS0168: The variable 'tEx' is declared but never used
15: Assets\Scripts\streznik\TopRezultat.cs(191,31): warning CS0168: The variable 'ex' is declared but never used
16: Assets\Scripts\streznik\Uporabnik.cs(144,38): warning CS0168: The variable 'tEx' is declared but never used
17: Assets\Scripts\streznik\Uporabnik.cs(149,31): warning CS0168: The variable 'ex' is declared but never used
18: Assets\Scripts\streznik\Uporabnik.cs(203,38): warning CS0168: The variable 'tEx' is declared but never used
19: Assets\Scripts\streznik\Uporabnik.cs(208,31): warning CS0168: The variable 'ex' is declared but never used
20: Assets\Scripts\streznik\Uporabnik.cs(241,38): warning CS0168: The variable 'tEx' is declared but never used
21: Assets\Scripts\streznik\Uporabnik.cs(246,31): warning CS0168: The variable 'ex' is declared but never used
22: Assets\Scripts\streznik\Uporabnik.cs(416,38): warning CS0168: The variable 'tEx' is declared but never used
23: Assets\Scripts\streznik\Uporabnik.cs(421,31): warning CS0168: The variable 'ex' is declared but never used

- PDB to MDB conversion --------------------------------------

Process: F:\My documents\Škola\Faks\7. Semestar\Razvoj in upravljanje programskih sistemov\Projekt\RIUPS-RIT-Gradecak-Tkalcevic\RIUPS Stack\CSharp60Support\Roslyn\pdb2mdb.exe
Arguments: Temp\Assembly-CSharp.dll
Exit code: 0
Elapsed time: 0.15 sec

- pdb2mdb.exe output (0 lines):
********************************************************************************
*                     Sunday, January 08, 2017 6:15:32 PM                      *
********************************************************************************
CSharpCompilerWrapper.exe version: 2.0.0.0
Platform: Windows
Target assembly: Assembly-CSharp-Editor.dll
Project directory: F:\My documents\Škola\Faks\7. Semestar\Razvoj in upravljanje programskih sistemov\Projekt\RIUPS-RIT-Gradecak-Tkalcevic\RIUPS Stack
Unity 'Data' or 'Frameworks' directory: C:/Program Files/Unity/Editor/Data
Compiler: Microsoft C# 6.0

- Compilation -----------------------------------------------

Process: F:\My documents\Škola\Faks\7. Semestar\Razvoj in upravljanje programskih sistemov\Projekt\RIUPS-RIT-Gradecak-Tkalcevic\RIUPS Stack\CSharp60Support\Roslyn\csc.exe
Arguments: -nostdlib+ -noconfig -nologo -r:"C:/Program Files/Unity/Editor/Data\Mono/lib/mono/2.0/mscorlib.dll" -r:"C:/Program Files/Unity/Editor/Data\Mono/lib/mono/2.0/System.dll" -r:"C:/Program Files/Unity/Editor/Data\Mono/lib/mono/2.0/System.Core.dll" -r:"C:/Program Files/Unity/Editor/Data\Mono/lib/mono/2.0/System.Xml.dll" @Temp/UnityTempFile-64881be4ad08eca4581708bba8266ea3 
Exit code: 0
Elapsed time: 2.56 sec

- Compiler output (0 lines):

- Compiler errors (0 lines):

- PDB to MDB conversion --------------------------------------

Process: F:\My documents\Škola\Faks\7. Semestar\Razvoj in upravljanje programskih sistemov\Projekt\RIUPS-RIT-Gradecak-Tkalcevic\RIUPS Stack\CSharp60Support\Roslyn\pdb2mdb.exe
Arguments: Temp\Assembly-CSharp-Editor.dll
Exit code: 0
Elapsed time: 0.13 sec

- pdb2mdb.exe output (0 lines):
********************************************************************************
*                     Sunday, January 08, 2017 6:15:37 PM                      *
********************************************************************************
CSharpCompilerWrapper.exe version: 2.0.0.0
Platform: Windows
Target assembly: Assembly-CSharp.dll
Project directory: F:\My documents\Škola\Faks\7. Semestar\Razvoj in upravljanje programskih sistemov\Projekt\RIUPS-RIT-Gradecak-Tkalcevic\RIUPS Stack
Unity 'Data' or 'Frameworks' directory: C:/Program Files/Unity/Editor/Data
Compiler: Microsoft C# 6.0

- Compilation -----------------------------------------------

Process: F:\My documents\Škola\Faks\7. Semestar\Razvoj in upravljanje programskih sistemov\Projekt\RIUPS-RIT-Gradecak-Tkalcevic\RIUPS Stack\CSharp60Support\Roslyn\csc.exe
Arguments: -nostdlib+ -noconfig -nologo -r:"C:/Program Files/Unity/Editor/Data\Mono/lib/mono/2.0/mscorlib.dll" -r:"C:/Program Files/Unity/Editor/Data\Mono/lib/mono/2.0/System.dll" -r:"C:/Program Files/Unity/Editor/Data\Mono/lib/mono/2.0/System.Core.dll" -r:"C:/Program Files/Unity/Editor/Data\Mono/lib/mono/2.0/System.Xml.dll" @Temp/UnityTempFile-f25362e3c7d77c34d8e484ecf3cee007 
Exit code: 0
Elapsed time: 3.38 sec

- Compiler output (0 lines):

- Compiler errors (24 lines):
0: Assets\Scripts\streznik\Uporabnik.cs(96,38): warning CS0168: The variable 'tEx' is declared but never used
1: Assets\Scripts\streznik\Uporabnik.cs(101,31): warning CS0168: The variable 'ex' is declared but never used
2: Assets\Scripts\streznik\TopRezultat.cs(68,38): warning CS0168: The variable 'tEx' is declared but never used
3: Assets\Scripts\streznik\TopRezultat.cs(73,31): warning CS0168: The variable 'ex' is declared but never used
4: Assets\Scripts\streznik\TopRezultat.cs(107,38): warning CS0168: The variable 'tEx' is declared but never used
5: Assets\Scripts\streznik\TopRezultat.cs(112,31): warning CS0168: The variable 'ex' is declared but never used
6: Assets\Scripts\streznik\TopRezultat.cs(145,38): warning CS0168: The variable 'tEx' is declared but never used
7: Assets\Scripts\streznik\TopRezultat.cs(150,31): warning CS0168: The variable 'ex' is declared but never used
8: Assets\Scripts\streznik\TopRezultat.cs(186,38): warning CS0168: The variable 'tEx' is declared but never used
9: Assets\Scripts\streznik\TopRezultat.cs(191,31): warning CS0168: The variable 'ex' is declared but never used
10: Assets\Scripts\streznik\Dosezki.cs(79,38): warning CS0168: The variable 'tEx' is declared but never used
11: Assets\Scripts\streznik\Dosezki.cs(84,31): warning CS0168: The variable 'ex' is declared but never used
12: Assets\Scripts\streznik\Dosezki.cs(119,38): warning CS0168: The variable 'tEx' is declared but never used
13: Assets\Scripts\streznik\Dosezki.cs(124,31): warning CS0168: The variable 'ex' is declared but never used
14: Assets\Scripts\streznik\Dosezki.cs(157,38): warning CS0168: The variable 'tEx' is declared but never used
15: Assets\Scripts\streznik\Dosezki.cs(162,31): warning CS0168: The variable 'ex' is declared but never used
16: Assets\Scripts\streznik\Uporabnik.cs(144,38): warning CS0168: The variable 'tEx' is declared but never used
17: Assets\Scripts\streznik\Uporabnik.cs(149,31): warning CS0168: The variable 'ex' is declared but never used
18: Assets\Scripts\streznik\Uporabnik.cs(203,38): warning CS0168: The variable 'tEx' is declared but never used
19: Assets\Scripts\streznik\Uporabnik.cs(208,31): warning CS0168: The variable 'ex' is declared but never used
20: Assets\Scripts\streznik\Uporabnik.cs(241,38): warning CS0168: The variable 'tEx' is declared but never used
21: Assets\Scripts\streznik\Uporabnik.cs(246,31): warning CS0168: The variable 'ex' is declared but never used
22: Assets\Scripts\streznik\Uporabnik.cs(416,38): warning CS0168: The variable 'tEx' is declared but never used
23: Assets\Scripts\streznik\Uporabnik.cs(421,31): warning CS0168: The variable 'ex' is declared but never used

- PDB to MDB conversion --------------------------------------

Process: F:\My documents\Škola\Faks\7. Semestar\Razvoj in upravljanje programskih sistemov\Projekt\RIUPS-RIT-Gradecak-Tkalcevic\RIUPS Stack\CSharp60Support\Roslyn\pdb2mdb.exe
Arguments: Temp\Assembly-CSharp.dll
Exit code: 0
Elapsed time: 0.17 sec

- pdb2mdb.exe output (0 lines):
********************************************************************************
*                     Sunday, January 08, 2017 6:15:41 PM                      *
********************************************************************************
CSharpCompilerWrapper.exe version: 2.0.0.0
Platform: Windows
Target assembly: Assembly-CSharp.dll
Project directory: F:\My documents\Škola\Faks\7. Semestar\Razvoj in upravljanje programskih sistemov\Projekt\RIUPS-RIT-Gradecak-Tkalcevic\RIUPS Stack
Unity 'Data' or 'Frameworks' directory: C:/Program Files/Unity/Editor/Data
Compiler: Microsoft C# 6.0

- Compilation -----------------------------------------------

Process: F:\My documents\Škola\Faks\7. Semestar\Razvoj in upravljanje programskih sistemov\Projekt\RIUPS-RIT-Gradecak-Tkalcevic\RIUPS Stack\CSharp60Support\Roslyn\csc.exe
Arguments: -nostdlib+ -noconfig -nologo -r:"C:/Program Files/Unity/Editor/Data\Mono/lib/mono/2.0/mscorlib.dll" -r:"C:/Program Files/Unity/Editor/Data\Mono/lib/mono/2.0/System.dll" -r:"C:/Program Files/Unity/Editor/Data\Mono/lib/mono/2.0/System.Core.dll" -r:"C:/Program Files/Unity/Editor/Data\Mono/lib/mono/2.0/System.Xml.dll" @Temp/UnityTempFile-dfe5eb82150da1447a2bf5b91e5d9a53 
Exit code: 0
Elapsed time: 2.82 sec

- Compiler output (0 lines):

- Compiler errors (24 lines):
0: Assets\Scripts\streznik\Dosezki.cs(79,38): warning CS0168: The variable 'tEx' is declared but never used
1: Assets\Scripts\streznik\Dosezki.cs(84,31): warning CS0168: The variable 'ex' is declared but never used
2: Assets\Scripts\streznik\TopRezultat.cs(68,38): warning CS0168: The variable 'tEx' is declared but never used
3: Assets\Scripts\streznik\TopRezultat.cs(73,31): warning CS0168: The variable 'ex' is declared but never used
4: Assets\Scripts\streznik\Uporabnik.cs(96,38): warning CS0168: The variable 'tEx' is declared but never used
5: Assets\Scripts\streznik\Uporabnik.cs(101,31): warning CS0168: The variable 'ex' is declared but never used
6: Assets\Scripts\streznik\TopRezultat.cs(107,38): warning CS0168: The variable 'tEx' is declared but never used
7: Assets\Scripts\streznik\TopRezultat.cs(112,31): warning CS0168: The variable 'ex' is declared but never used
8: Assets\Scripts\streznik\TopRezultat.cs(145,38): warning CS0168: The variable 'tEx' is declared but never used
9: Assets\Scripts\streznik\TopRezultat.cs(150,31): warning CS0168: The variable 'ex' is declared but never used
10: Assets\Scripts\streznik\TopRezultat.cs(186,38): warning CS0168: The variable 'tEx' is declared but never used
11: Assets\Scripts\streznik\TopRezultat.cs(191,31): warning CS0168: The variable 'ex' is declared but never used
12: Assets\Scripts\streznik\Dosezki.cs(119,38): warning CS0168: The variable 'tEx' is declared but never used
13: Assets\Scripts\streznik\Dosezki.cs(124,31): warning CS0168: The variable 'ex' is declared but never used
14: Assets\Scripts\streznik\Dosezki.cs(157,38): warning CS0168: The variable 'tEx' is declared but never used
15: Assets\Scripts\streznik\Dosezki.cs(162,31): warning CS0168: The variable 'ex' is declared but never used
16: Assets\Scripts\streznik\Uporabnik.cs(144,38): warning CS0168: The variable 'tEx' is declared but never used
17: Assets\Scripts\streznik\Uporabnik.cs(149,31): warning CS0168: The variable 'ex' is declared but never used
18: Assets\Scripts\streznik\Uporabnik.cs(203,38): warning CS0168: The variable 'tEx' is declared but never used
19: Assets\Scripts\streznik\Uporabnik.cs(208,31): warning CS0168: The variable 'ex' is declared but never used
20: Assets\Scripts\streznik\Uporabnik.cs(241,38): warning CS0168: The variable 'tEx' is declared but never used
21: Assets\Scripts\streznik\Uporabnik.cs(246,31): warning CS0168: The variable 'ex' is declared but never used
22: Assets\Scripts\streznik\Uporabnik.cs(416,38): warning CS0168: The variable 'tEx' is declared but never used
23: Assets\Scripts\streznik\Uporabnik.cs(421,31): warning CS0168: The variable 'ex' is declared but never used

- PDB to MDB conversion --------------------------------------

Process: F:\My documents\Škola\Faks\7. Semestar\Razvoj in upravljanje programskih sistemov\Projekt\RIUPS-RIT-Gradecak-Tkalcevic\RIUPS Stack\CSharp60Support\Roslyn\pdb2mdb.exe
Arguments: Temp\Assembly-CSharp.dll
Exit code: 0
Elapsed time: 0.15 sec

- pdb2mdb.exe output (0 lines):
********************************************************************************
*                     Sunday, January 08, 2017 6:15:46 PM                      *
********************************************************************************
CSharpCompilerWrapper.exe version: 2.0.0.0
Platform: Windows
Target assembly: Assembly-CSharp-Editor.dll
Project directory: F:\My documents\Škola\Faks\7. Semestar\Razvoj in upravljanje programskih sistemov\Projekt\RIUPS-RIT-Gradecak-Tkalcevic\RIUPS Stack
Unity 'Data' or 'Frameworks' directory: C:/Program Files/Unity/Editor/Data
Compiler: Microsoft C# 6.0

- Compilation -----------------------------------------------

Process: F:\My documents\Škola\Faks\7. Semestar\Razvoj in upravljanje programskih sistemov\Projekt\RIUPS-RIT-Gradecak-Tkalcevic\RIUPS Stack\CSharp60Support\Roslyn\csc.exe
Arguments: -nostdlib+ -noconfig -nologo -r:"C:/Program Files/Unity/Editor/Data\Mono/lib/mono/2.0/mscorlib.dll" -r:"C:/Program Files/Unity/Editor/Data\Mono/lib/mono/2.0/System.dll" -r:"C:/Program Files/Unity/Editor/Data\Mono/lib/mono/2.0/System.Core.dll" -r:"C:/Program Files/Unity/Editor/Data\Mono/lib/mono/2.0/System.Xml.dll" @Temp/UnityTempFile-bd2b9f2c585b3a34ba9733c4f85c3f90 
Exit code: 0
Elapsed time: 2.53 sec

- Compiler output (0 lines):

- Compiler errors (0 lines):

- PDB to MDB conversion --------------------------------------

Process: F:\My documents\Škola\Faks\7. Semestar\Razvoj in upravljanje programskih sistemov\Projekt\RIUPS-RIT-Gradecak-Tkalcevic\RIUPS Stack\CSharp60Support\Roslyn\pdb2mdb.exe
Arguments: Temp\Assembly-CSharp-Editor.dll
Exit code: 0
Elapsed time: 0.15 sec

- pdb2mdb.exe output (0 lines):
